mktexpk --mfmode / --bdpi 600 --mag 1+0/600 --dpi 600 txsyc
mktexpk --mfmode / --bdpi 600 --mag 1+0/600 --dpi 600 txsyc
mktexpk --mfmode / --bdpi 600 --mag 1+0/600 --dpi 600 txsyc
mktexpk --mfmode / --bdpi 600 --mag 1+0/600 --dpi 600 txsyc
mktexpk --mfmode / --bdpi 600 --mag 1+0/600 --dpi 600 txsyc
mktexpk --mfmode / --bdpi 600 --mag 1+0/600 --dpi 600 pxsyc
mktexpk --mfmode / --bdpi 600 --mag 1+0/600 --dpi 600 pxsyc
mktexpk --mfmode / --bdpi 600 --mag 1+0/600 --dpi 600 pxsyc
mktexpk --mfmode / --bdpi 600 --mag 1+0/600 --dpi 600 pxsyc
mktexpk --mfmode / --bdpi 600 --mag 1+0/600 --dpi 600 txsyc
mktexpk --mfmode / --bdpi 600 --mag 1+0/600 --dpi 600 txsyc
mktexpk --mfmode / --bdpi 600 --mag 1+0/600 --dpi 600 txsyc
mktexpk --mfmode / --bdpi 600 --mag 1+0/600 --dpi 600 txsyc
mktexpk --mfmode / --bdpi 600 --mag 1+0/600 --dpi 600 txsyc
mktexpk --mfmode / --bdpi 600 --mag 1+0/600 --dpi 600 txsyc
mktexpk --mfmode / --bdpi 600 --mag 1+0/600 --dpi 600 txsyc
mktexpk --mfmode / --bdpi 600 --mag 1+0/600 --dpi 600 txsyc
mktexpk --mfmode / --bdpi 600 --mag 1+0/600 --dpi 600 txsyc
mktexpk --mfmode / --bdpi 600 --mag 1+0/600 --dpi 600 txsyc
mktexpk --mfmode / --bdpi 600 --mag 1+0/600 --dpi 600 txsyc
mktexpk --mfmode / --bdpi 600 --mag 1+0/600 --dpi 600 txsyc
mktexpk --mfmode / --bdpi 600 --mag 1+0/600 --dpi 600 txsy
mktexpk --mfmode / --bdpi 600 --mag 1+0/600 --dpi 600 txsy
mktexpk --mfmode / --bdpi 600 --mag 1+0/600 --dpi 600 txsy
mktexpk --mfmode / --bdpi 600 --mag 1+0/600 --dpi 600 txsy
mktexpk --mfmode / --bdpi 600 --mag 1+0/600 --dpi 600 txsy
mktexpk --mfmode / --bdpi 600 --mag 1+0/600 --dpi 600 txsy
mktexpk --mfmode / --bdpi 600 --mag 1+0/600 --dpi 600 txsy
mktexpk --mfmode / --bdpi 600 --mag 1+0/600 --dpi 600 txsy
mktexpk --mfmode / --bdpi 600 --mag 1+0/600 --dpi 600 txsyc
mktexpk --mfmode / --bdpi 600 --mag 1+0/600 --dpi 600 txsyc
mktexpk --mfmode / --bdpi 600 --mag 1+0/600 --dpi 600 txsyc
mktexpk --mfmode / --bdpi 600 --mag 1+0/600 --dpi 600 txsyc
mktexpk --mfmode / --bdpi 600 --mag 1+0/600 --dpi 600 txsyc
mktexpk --mfmode / --bdpi 600 --mag 1+0/600 --dpi 600 txsyc
mktexpk --mfmode / --bdpi 600 --mag 1+0/600 --dpi 600 txsyc
mktexpk --mfmode / --bdpi 600 --mag 1+0/600 --dpi 600 txsyc
mktexpk --mfmode / --bdpi 600 --mag 1+0/600 --dpi 600 txsyc
mktexpk --mfmode / --bdpi 600 --mag 1+0/600 --dpi 600 txsyc
mktexpk --mfmode / --bdpi 600 --mag 1+0/600 --dpi 600 rtxmi
mktexpk --mfmode / --bdpi 600 --mag 1+0/600 --dpi 600 rtxmi
mktexpk --mfmode / --bdpi 600 --mag 1+0/600 --dpi 600 rtxmi
mktexpk --mfmode / --bdpi 600 --mag 1+0/600 --dpi 600 rtxmi
mktexpk --mfmode / --bdpi 600 --mag 1+0/600 --dpi 600 rtxmi
mktexpk --mfmode / --bdpi 600 --mag 1+0/600 --dpi 600 txsya
mktexpk --mfmode / --bdpi 600 --mag 1+0/600 --dpi 600 txsya
mktexpk --mfmode / --bdpi 600 --mag 1+0/600 --dpi 600 txsya
mktexpk --mfmode / --bdpi 600 --mag 1+0/600 --dpi 600 txsya
mktexpk --mfmode / --bdpi 600 --mag 1+0/600 --dpi 600 pxsya
mktexpk --mfmode / --bdpi 600 --mag 1+0/600 --dpi 600 pxsya
mktexpk --mfmode / --bdpi 600 --mag 1+0/600 --dpi 600 pxsya
mktexpk --mfmode / --bdpi 600 --mag 1+0/600 --dpi 600 pxsya
mktexpk --mfmode / --bdpi 600 --mag 1+0/600 --dpi 600 rpxmi
mktexpk --mfmode / --bdpi 600 --mag 1+0/600 --dpi 600 rpxmi
mktexpk --mfmode / --bdpi 600 --mag 1+0/600 --dpi 600 rpxmi
mktexpk --mfmode / --bdpi 600 --mag 1+0/600 --dpi 600 rpxmi
mktexpk --mfmode / --bdpi 600 --mag 1+0/600 --dpi 600 rpxmi
mktexpk --mfmode / --bdpi 600 --mag 1+0/600 --dpi 600 rpxmi
mktexpk --mfmode / --bdpi 600 --mag 1+0/600 --dpi 600 rpxmi
mktexpk --mfmode / --bdpi 600 --mag 1+0/600 --dpi 600 rpxmi
mktexpk --mfmode / --bdpi 600 --mag 1+0/600 --dpi 600 rpxmi
mktexpk --mfmode / --bdpi 600 --mag 1+0/600 --dpi 600 rpxmi
mktexpk --mfmode / --bdpi 600 --mag 1+0/600 --dpi 600 rpxmi
mktexpk --mfmode / --bdpi 600 --mag 1+0/600 --dpi 600 rpxmi
mktexpk --mfmode / --bdpi 600 --mag 1+0/600 --dpi 600 rpxmi
mktexpk --mfmode / --bdpi 600 --mag 1+0/600 --dpi 600 rpxmi
mktexpk --mfmode / --bdpi 600 --mag 1+0/600 --dpi 600 rpxmi
mktexpk --mfmode / --bdpi 600 --mag 1+0/600 --dpi 600 rpxmi
